::1 - - [22/Feb/2019:07:21:42 +0000] "GET / HTTP/1.1" 200 -
::1 - - [22/Feb/2019:07:21:42 +0000] "GET /runtime.js HTTP/1.1" 200 -
::1 - - [22/Feb/2019:07:21:43 +0000] "GET /main.js HTTP/1.1" 200 -
::1 - - [22/Feb/2019:07:21:43 +0000] "GET /scripts.js HTTP/1.1" 200 -
::1 - - [22/Feb/2019:07:21:43 +0000] "GET /polyfills.js HTTP/1.1" 200 -
::1 - - [22/Feb/2019:07:21:43 +0000] "GET /styles.js HTTP/1.1" 200 -
::1 - - [22/Feb/2019:07:21:44 +0000] "GET /vendor.js HTTP/1.1" 200 -
::1 - - [22/Feb/2019:07:21:45 +0000] "GET /assets/appconfig/appconfig.json HTTP/1.1" 200 75
::1 - - [22/Feb/2019:07:21:46 +0000] "GET /i18n/en.json HTTP/1.1" 200 -
::1 - - [22/Feb/2019:07:21:46 +0000] "GET /common.js HTTP/1.1" 200 -
::1 - - [22/Feb/2019:07:21:46 +0000] "GET /layout-layout-module.js HTTP/1.1" 200 -
::1 - - [22/Feb/2019:07:21:46 +0000] "GET /default~IDSettings-IDSettings-module~adminSettings-adminSettings-module~admindashboard-admindashboar~5c5e2b47.js HTTP/1.1" 200 -
::1 - - [22/Feb/2019:07:21:46 +0000] "GET /dashboard-dashboard-module.js HTTP/1.1" 200 -
::1 - - [22/Feb/2019:07:21:47 +0000] "GET /login-login-module.js HTTP/1.1" 200 -
::1 - - [22/Feb/2019:07:21:47 +0000] "GET /assets/images/logo.png HTTP/1.1" 200 84440
::1 - - [22/Feb/2019:07:21:49 +0000] "GET /adminlogin-adminlogin-module.js HTTP/1.1" 200 -
::1 - - [22/Feb/2019:07:21:50 +0000] "GET /adminsignup-adminsignup-module.js HTTP/1.1" 200 -
::1 - - [22/Feb/2019:14:11:05 +0000] "GET / HTTP/1.1" 200 -
::1 - - [22/Feb/2019:14:11:05 +0000] "GET /runtime.js HTTP/1.1" 200 -
::1 - - [22/Feb/2019:14:11:05 +0000] "GET /main.js HTTP/1.1" 200 -
::1 - - [22/Feb/2019:14:11:05 +0000] "GET /scripts.js HTTP/1.1" 200 -
::1 - - [22/Feb/2019:14:11:05 +0000] "GET /polyfills.js HTTP/1.1" 200 -
::1 - - [22/Feb/2019:14:11:05 +0000] "GET /styles.js HTTP/1.1" 200 -
::1 - - [22/Feb/2019:14:11:07 +0000] "GET /vendor.js HTTP/1.1" 200 -
::1 - - [22/Feb/2019:14:11:07 +0000] "GET /assets/appconfig/appconfig.json HTTP/1.1" 200 75
::1 - - [22/Feb/2019:14:11:08 +0000] "GET /i18n/en.json HTTP/1.1" 200 -
::1 - - [22/Feb/2019:14:11:08 +0000] "GET /common.js HTTP/1.1" 200 -
::1 - - [22/Feb/2019:14:11:08 +0000] "GET /layout-layout-module.js HTTP/1.1" 200 -
::1 - - [22/Feb/2019:14:11:08 +0000] "GET /favicon.ico HTTP/1.1" 200 5430
::1 - - [22/Feb/2019:14:11:08 +0000] "GET /default~IDSettings-IDSettings-module~adminSettings-adminSettings-module~admindashboard-admindashboar~5c5e2b47.js HTTP/1.1" 200 -
::1 - - [22/Feb/2019:14:11:08 +0000] "GET /dashboard-dashboard-module.js HTTP/1.1" 200 -
::1 - - [22/Feb/2019:14:11:09 +0000] "GET /login-login-module.js HTTP/1.1" 200 -
::1 - - [22/Feb/2019:14:11:09 +0000] "GET /assets/images/logo.png HTTP/1.1" 200 84440
::1 - - [22/Feb/2019:14:11:11 +0000] "GET /adminlogin-adminlogin-module.js HTTP/1.1" 200 -
::1 - - [22/Feb/2019:14:11:12 +0000] "GET /adminsignup-adminsignup-module.js HTTP/1.1" 200 -
::ffff:192.168.42.118 - - [22/Feb/2019:14:11:16 +0000] "GET /auth/checkEmailAdmin/a@a.com HTTP/1.1" 200 48
