::1 - - [20/Feb/2019:14:32:26 +0000] "GET / HTTP/1.1" 200 -
::1 - - [20/Feb/2019:14:32:26 +0000] "GET /runtime.js HTTP/1.1" 200 -
::1 - - [20/Feb/2019:14:32:26 +0000] "GET /main.js HTTP/1.1" 200 -
::1 - - [20/Feb/2019:14:32:26 +0000] "GET /scripts.js HTTP/1.1" 200 -
::1 - - [20/Feb/2019:14:32:26 +0000] "GET /polyfills.js HTTP/1.1" 200 -
::1 - - [20/Feb/2019:14:32:26 +0000] "GET /styles.js HTTP/1.1" 200 -
::1 - - [20/Feb/2019:14:32:28 +0000] "GET /vendor.js HTTP/1.1" 200 -
::1 - - [20/Feb/2019:14:32:28 +0000] "GET /assets/appconfig/appconfig.json HTTP/1.1" 200 75
::1 - - [20/Feb/2019:14:32:29 +0000] "GET /i18n/en.json HTTP/1.1" 200 -
::1 - - [20/Feb/2019:14:32:29 +0000] "GET /common.js HTTP/1.1" 200 -
::1 - - [20/Feb/2019:14:32:29 +0000] "GET /layout-layout-module.js HTTP/1.1" 200 -
::1 - - [20/Feb/2019:14:32:30 +0000] "GET /default~IDSettings-IDSettings-module~adminSettings-adminSettings-module~admindashboard-admindashboar~5c5e2b47.js HTTP/1.1" 200 -
::1 - - [20/Feb/2019:14:32:30 +0000] "GET /dashboard-dashboard-module.js HTTP/1.1" 200 -
::1 - - [20/Feb/2019:14:32:30 +0000] "GET /login-login-module.js HTTP/1.1" 200 -
::1 - - [20/Feb/2019:14:32:31 +0000] "GET /assets/images/logo.png HTTP/1.1" 200 84440
::1 - - [20/Feb/2019:14:32:33 +0000] "GET /adminlogin-adminlogin-module.js HTTP/1.1" 200 -
::1 - - [20/Feb/2019:14:32:35 +0000] "GET /signup-signup-module.js HTTP/1.1" 200 -
::ffff:192.168.42.118 - - [20/Feb/2019:14:34:43 +0000] "GET /auth/checkEmail/a@a.com HTTP/1.1" - -
::1 - - [20/Feb/2019:14:40:47 +0000] "GET / HTTP/1.1" 200 -
::1 - - [20/Feb/2019:14:40:47 +0000] "GET /runtime.js HTTP/1.1" 200 -
::1 - - [20/Feb/2019:14:40:47 +0000] "GET /main.js HTTP/1.1" 200 -
::1 - - [20/Feb/2019:14:40:47 +0000] "GET /scripts.js HTTP/1.1" 200 -
::1 - - [20/Feb/2019:14:40:47 +0000] "GET /polyfills.js HTTP/1.1" 200 -
::1 - - [20/Feb/2019:14:40:47 +0000] "GET /styles.js HTTP/1.1" 200 -
::1 - - [20/Feb/2019:14:40:49 +0000] "GET /vendor.js HTTP/1.1" 200 -
::1 - - [20/Feb/2019:14:40:49 +0000] "GET /assets/appconfig/appconfig.json HTTP/1.1" 200 75
::1 - - [20/Feb/2019:14:40:50 +0000] "GET /i18n/en.json HTTP/1.1" 200 -
::1 - - [20/Feb/2019:14:40:50 +0000] "GET /common.js HTTP/1.1" 200 -
::1 - - [20/Feb/2019:14:40:50 +0000] "GET /layout-layout-module.js HTTP/1.1" 200 -
::1 - - [20/Feb/2019:14:40:51 +0000] "GET /default~IDSettings-IDSettings-module~adminSettings-adminSettings-module~admindashboard-admindashboar~5c5e2b47.js HTTP/1.1" 200 -
::1 - - [20/Feb/2019:14:40:51 +0000] "GET /dashboard-dashboard-module.js HTTP/1.1" 200 -
::1 - - [20/Feb/2019:14:40:51 +0000] "GET /login-login-module.js HTTP/1.1" 200 -
::1 - - [20/Feb/2019:14:40:51 +0000] "GET /assets/images/logo.png HTTP/1.1" 200 84440
::1 - - [20/Feb/2019:14:40:53 +0000] "GET /adminlogin-adminlogin-module.js HTTP/1.1" 200 -
::1 - - [20/Feb/2019:14:40:54 +0000] "GET /adminsignup-adminsignup-module.js HTTP/1.1" 200 -
::ffff:192.168.42.118 - - [20/Feb/2019:14:40:59 +0000] "GET /auth/checkEmailAdmin/a@a.com HTTP/1.1" 200 48
